<?xml version="1.0" encoding="UTF-8"?>
<testng-results ignored="0" total="2" passed="2" failed="0" skipped="0">
  <reporter-output>
  </reporter-output>
  <suite started-at="2025-01-24T23:37:42 UTC" name="Default suite" finished-at="2025-01-24T23:38:02 UTC" duration-ms="20287">
    <groups>
      <group name="cucumber">
        <method signature="AbstractTestNGCucumberTests.runScenario(io.cucumber.testng.PickleWrapper,io.cucumber.testng.FeatureWrapper)[pri:0, instance:RunnerTest.RunnereTestClass@b9b00e0]" name="runScenario" class="io.cucumber.testng.AbstractTestNGCucumberTests"/>
      </group> <!-- cucumber -->
    </groups>
    <test started-at="2025-01-24T23:37:42 UTC" name="Default test" finished-at="2025-01-24T23:38:02 UTC" duration-ms="20287">
      <class name="RunnerTest.RunnereTestClass">
        <test-method is-config="true" signature="setUpClass(org.testng.ITestContext)[pri:0, instance:RunnerTest.RunnereTestClass@b9b00e0]" started-at="2025-01-24T23:37:42 UTC" name="setUpClass" finished-at="2025-01-24T23:37:42 UTC" duration-ms="514" status="PASS">
          <params>
            <param index="0">
              <value>
                <![CDATA[org.testng.TestRunner@23940f86]]>
              </value>
            </param>
          </params>
          <reporter-output>
          </reporter-output>
        </test-method> <!-- setUpClass -->
        <test-method signature="runScenario(io.cucumber.testng.PickleWrapper,io.cucumber.testng.FeatureWrapper)[pri:0, instance:RunnerTest.RunnereTestClass@b9b00e0]" started-at="2025-01-24T23:37:42 UTC" name="runScenario" description="Runs Cucumber Scenarios" data-provider="scenarios" finished-at="2025-01-24T23:37:52 UTC" duration-ms="9398" status="PASS">
          <params>
            <param index="0">
              <value>
                <![CDATA["validate first name and last name login functionality"]]>
              </value>
            </param>
            <param index="1">
              <value>
                <![CDATA["Test Facebook login functionality"]]>
              </value>
            </param>
          </params>
          <reporter-output>
          </reporter-output>
        </test-method> <!-- runScenario -->
        <test-method signature="runScenario(io.cucumber.testng.PickleWrapper,io.cucumber.testng.FeatureWrapper)[pri:0, instance:RunnerTest.RunnereTestClass@b9b00e0]" started-at="2025-01-24T23:37:52 UTC" name="runScenario" description="Runs Cucumber Scenarios" data-provider="scenarios" finished-at="2025-01-24T23:38:02 UTC" duration-ms="10272" status="PASS">
          <params>
            <param index="0">
              <value>
                <![CDATA["validate mobile number and password"]]>
              </value>
            </param>
            <param index="1">
              <value>
                <![CDATA["Test Facebook login functionality"]]>
              </value>
            </param>
          </params>
          <reporter-output>
          </reporter-output>
        </test-method> <!-- runScenario -->
        <test-method is-config="true" signature="tearDownClass()[pri:0, instance:RunnerTest.RunnereTestClass@b9b00e0]" started-at="2025-01-24T23:38:02 UTC" name="tearDownClass" finished-at="2025-01-24T23:38:02 UTC" duration-ms="6" status="PASS">
          <reporter-output>
          </reporter-output>
        </test-method> <!-- tearDownClass -->
      </class> <!-- RunnerTest.RunnereTestClass -->
    </test> <!-- Default test -->
  </suite> <!-- Default suite -->
</testng-results>
