<?xml version="1.0" encoding="UTF-8"?>
<testng-results ignored="0" total="1" passed="1" failed="0" skipped="0">
  <reporter-output>
  </reporter-output>
  <suite started-at="2025-01-24T22:47:45 IST" name="Default suite" finished-at="2025-01-24T22:48:21 IST" duration-ms="36140">
    <groups>
      <group name="cucumber">
        <method signature="AbstractTestNGCucumberTests.runScenario(io.cucumber.testng.PickleWrapper,io.cucumber.testng.FeatureWrapper)[pri:0, instance:RunnerTest.RunnereTestClass@222545dc]" name="runScenario" class="io.cucumber.testng.AbstractTestNGCucumberTests"/>
      </group> <!-- cucumber -->
    </groups>
    <test started-at="2025-01-24T22:47:45 IST" name="Default test" finished-at="2025-01-24T22:48:21 IST" duration-ms="36140">
      <class name="RunnerTest.RunnereTestClass">
        <test-method is-config="true" signature="setUpClass(org.testng.ITestContext)[pri:0, instance:RunnerTest.RunnereTestClass@222545dc]" started-at="2025-01-24T22:47:45 IST" name="setUpClass" finished-at="2025-01-24T22:47:45 IST" duration-ms="222" status="PASS">
          <params>
            <param index="0">
              <value>
                <![CDATA[org.testng.TestRunner@5226e402]]>
              </value>
            </param>
          </params>
          <reporter-output>
          </reporter-output>
        </test-method> <!-- setUpClass -->
        <test-method signature="runScenario(io.cucumber.testng.PickleWrapper,io.cucumber.testng.FeatureWrapper)[pri:0, instance:RunnerTest.RunnereTestClass@222545dc]" started-at="2025-01-24T22:47:45 IST" name="runScenario" description="Runs Cucumber Scenarios" data-provider="scenarios" finished-at="2025-01-24T22:48:21 IST" duration-ms="35791" status="PASS">
          <params>
            <param index="0">
              <value>
                <![CDATA["validate first name and last name login functionality"]]>
              </value>
            </param>
            <param index="1">
              <value>
                <![CDATA["Test Facebook login functionality"]]>
              </value>
            </param>
          </params>
          <reporter-output>
          </reporter-output>
        </test-method> <!-- runScenario -->
        <test-method is-config="true" signature="tearDownClass()[pri:0, instance:RunnerTest.RunnereTestClass@222545dc]" started-at="2025-01-24T22:48:21 IST" name="tearDownClass" finished-at="2025-01-24T22:48:21 IST" duration-ms="15" status="PASS">
          <reporter-output>
          </reporter-output>
        </test-method> <!-- tearDownClass -->
      </class> <!-- RunnerTest.RunnereTestClass -->
    </test> <!-- Default test -->
  </suite> <!-- Default suite -->
</testng-results>
